<?xml version="1.0" encoding="UTF-8"?>
<testng-results ignored="0" total="1" passed="1" failed="0" skipped="0">
  <reporter-output>
  </reporter-output>
  <suite started-at="2024-08-30T16:33:08 IST" name="Default suite" finished-at="2024-08-30T16:33:17 IST" duration-ms="9542">
    <groups>
    </groups>
    <test started-at="2024-08-30T16:33:08 IST" name="Default test" finished-at="2024-08-30T16:33:17 IST" duration-ms="9542">
      <class name="com.Test.TestLogin">
        <test-method is-config="true" signature="LaunchAUT()[pri:0, instance:com.Test.TestLogin@957e06]" started-at="2024-08-30T16:33:08 IST" name="LaunchAUT" finished-at="2024-08-30T16:33:17 IST" duration-ms="9156" status="PASS">
          <reporter-output>
          </reporter-output>
        </test-method> <!-- LaunchAUT -->
        <test-method signature="login_test()[pri:0, instance:com.Test.TestLogin@957e06]" started-at="2024-08-30T16:33:17 IST" name="login_test" finished-at="2024-08-30T16:33:17 IST" duration-ms="338" status="PASS">
          <reporter-output>
          </reporter-output>
        </test-method> <!-- login_test -->
      </class> <!-- com.Test.TestLogin -->
    </test> <!-- Default test -->
  </suite> <!-- Default suite -->
</testng-results>
